<?xml version="1.0" encoding="UTF-8"?>
<testsuite xmlns:xsi="http://www.w3.org/2001/XMLSchema-instance" xsi:noNamespaceSchemaLocation="https://maven.apache.org/surefire/maven-surefire-plugin/xsd/surefire-test-report-3.0.xsd" version="3.0" name="com.example.AppTest" time="0.016" tests="1" errors="0" skipped="0" failures="0">
  <properties>
    <property name="java.specification.version" value="21"/>
    <property name="sun.jnu.encoding" value="UTF-8"/>
    <property name="java.class.path" value="/home/marcus/Development/Uni/CAB302/CAB302-practical-04/address-book/target/test-classes:/home/marcus/Development/Uni/CAB302/CAB302-practical-04/address-book/target/classes:/home/marcus/.m2/repository/org/openjfx/javafx-controls/21/javafx-controls-21.jar:/home/marcus/.m2/repository/org/openjfx/javafx-controls/21/javafx-controls-21-linux.jar:/home/marcus/.m2/repository/org/openjfx/javafx-graphics/21/javafx-graphics-21.jar:/home/marcus/.m2/repository/org/openjfx/javafx-graphics/21/javafx-graphics-21-linux.jar:/home/marcus/.m2/repository/org/openjfx/javafx-base/21/javafx-base-21.jar:/home/marcus/.m2/repository/org/openjfx/javafx-base/21/javafx-base-21-linux.jar:/home/marcus/.m2/repository/org/openjfx/javafx-fxml/21/javafx-fxml-21.jar:/home/marcus/.m2/repository/org/openjfx/javafx-fxml/21/javafx-fxml-21-linux.jar:/home/marcus/.m2/repository/junit/junit/4.13.2/junit-4.13.2.jar:/home/marcus/.m2/repository/org/hamcrest/hamcrest-core/1.3/hamcrest-core-1.3.jar:"/>
    <property name="java.vm.vendor" value="Amazon.com Inc."/>
    <property name="sun.arch.data.model" value="64"/>
    <property name="java.vendor.url" value="https://aws.amazon.com/corretto/"/>
    <property name="os.name" value="Linux"/>
    <property name="java.vm.specification.version" value="21"/>
    <property name="sun.java.launcher" value="SUN_STANDARD"/>
    <property name="user.country" value="US"/>
    <property name="sun.boot.library.path" value="/usr/lib/jvm/java-21-amazon-corretto/lib"/>
    <property name="sun.java.command" value="/home/marcus/Development/Uni/CAB302/CAB302-practical-04/address-book/target/surefire/surefirebooter-20240805090637998_3.jar /home/marcus/Development/Uni/CAB302/CAB302-practical-04/address-book/target/surefire 2024-08-05T09-06-37_950-jvmRun1 surefire-20240805090637998_1tmp surefire_0-20240805090637998_2tmp"/>
    <property name="jdk.debug" value="release"/>
    <property name="surefire.test.class.path" value="/home/marcus/Development/Uni/CAB302/CAB302-practical-04/address-book/target/test-classes:/home/marcus/Development/Uni/CAB302/CAB302-practical-04/address-book/target/classes:/home/marcus/.m2/repository/org/openjfx/javafx-controls/21/javafx-controls-21.jar:/home/marcus/.m2/repository/org/openjfx/javafx-controls/21/javafx-controls-21-linux.jar:/home/marcus/.m2/repository/org/openjfx/javafx-graphics/21/javafx-graphics-21.jar:/home/marcus/.m2/repository/org/openjfx/javafx-graphics/21/javafx-graphics-21-linux.jar:/home/marcus/.m2/repository/org/openjfx/javafx-base/21/javafx-base-21.jar:/home/marcus/.m2/repository/org/openjfx/javafx-base/21/javafx-base-21-linux.jar:/home/marcus/.m2/repository/org/openjfx/javafx-fxml/21/javafx-fxml-21.jar:/home/marcus/.m2/repository/org/openjfx/javafx-fxml/21/javafx-fxml-21-linux.jar:/home/marcus/.m2/repository/junit/junit/4.13.2/junit-4.13.2.jar:/home/marcus/.m2/repository/org/hamcrest/hamcrest-core/1.3/hamcrest-core-1.3.jar:"/>
    <property name="sun.cpu.endian" value="little"/>
    <property name="user.home" value="/home/marcus"/>
    <property name="user.language" value="en"/>
    <property name="java.specification.vendor" value="Oracle Corporation"/>
    <property name="java.version.date" value="2024-07-16"/>
    <property name="java.home" value="/usr/lib/jvm/java-21-amazon-corretto"/>
    <property name="file.separator" value="/"/>
    <property name="basedir" value="/home/marcus/Development/Uni/CAB302/CAB302-practical-04/address-book"/>
    <property name="java.vm.compressedOopsMode" value="Zero based"/>
    <property name="line.separator" value="&#10;"/>
    <property name="java.specification.name" value="Java Platform API Specification"/>
    <property name="java.vm.specification.vendor" value="Oracle Corporation"/>
    <property name="surefire.real.class.path" value="/home/marcus/Development/Uni/CAB302/CAB302-practical-04/address-book/target/surefire/surefirebooter-20240805090637998_3.jar"/>
    <property name="sun.management.compiler" value="HotSpot 64-Bit Tiered Compilers"/>
    <property name="java.runtime.version" value="21.0.4+7-LTS"/>
    <property name="user.name" value="marcus"/>
    <property name="stdout.encoding" value="UTF-8"/>
    <property name="path.separator" value=":"/>
    <property name="os.version" value="6.10.2-arch1-1"/>
    <property name="java.runtime.name" value="OpenJDK Runtime Environment"/>
    <property name="file.encoding" value="UTF-8"/>
    <property name="java.vm.name" value="OpenJDK 64-Bit Server VM"/>
    <property name="java.vendor.version" value="Corretto-21.0.4.7.1"/>
    <property name="localRepository" value="/home/marcus/.m2/repository"/>
    <property name="java.vendor.url.bug" value="https://github.com/corretto/corretto-21/issues/"/>
    <property name="java.io.tmpdir" value="/tmp"/>
    <property name="java.version" value="21.0.4"/>
    <property name="user.dir" value="/home/marcus/Development/Uni/CAB302/CAB302-practical-04/address-book"/>
    <property name="os.arch" value="amd64"/>
    <property name="java.vm.specification.name" value="Java Virtual Machine Specification"/>
    <property name="native.encoding" value="UTF-8"/>
    <property name="java.library.path" value="/usr/java/packages/lib:/usr/lib64:/lib64:/lib:/usr/lib"/>
    <property name="java.vm.info" value="mixed mode, sharing"/>
    <property name="stderr.encoding" value="UTF-8"/>
    <property name="java.vendor" value="Amazon.com Inc."/>
    <property name="java.vm.version" value="21.0.4+7-LTS"/>
    <property name="sun.io.unicode.encoding" value="UnicodeLittle"/>
    <property name="java.class.version" value="65.0"/>
  </properties>
  <testcase name="testApp" classname="com.example.AppTest" time="0.001"/>
</testsuite>